<?xml version="1.0" encoding="UTF-8"?>
<!-- Generated by org.testng.reporters.JUnitXMLReporter -->
<testsuite ignored="0" hostname="hvlkrsclarus" failures="0" tests="4" name="Surefire test" time="8.682" errors="0" timestamp="2023-09-06T19:53:54 CEST">
  <testcase classname="mpack.FirstTest" name="mOne" time="4.445"/>
  <testcase classname="mpack.SecondTest" name="test1" time="1.024"/>
  <testcase classname="mpack.SecondTest" name="test2" time="0.611"/>
  <testcase classname="mpack.SecondTest" name="test3" time="1.247"/>
</testsuite> <!-- Surefire test -->
