<?xml version="1.0" encoding="UTF-8"?>
<!-- Generated by org.testng.reporters.JUnitXMLReporter -->
<testsuite ignored="0" hostname="hvlkrsclarus" failures="0" tests="4" name="Surefire test" time="8.152" errors="0" timestamp="2023-09-06T20:12:18 CEST">
  <testcase classname="mpack.FirstTest" name="mOne" time="3.389"/>
  <testcase classname="mpack.SecondTest" name="test1" time="0.993"/>
  <testcase classname="mpack.SecondTest" name="test2" time="0.622"/>
  <testcase classname="mpack.SecondTest" name="test3" time="1.577"/>
</testsuite> <!-- Surefire test -->
