<?xml version="1.0" encoding="UTF-8"?>
<!-- Generated by org.testng.reporters.JUnitXMLReporter -->
<testsuite ignored="0" hostname="hvlkrsclarus" failures="0" tests="4" name="Command line test" time="9.808" errors="0" timestamp="2023-09-06T19:27:34 CEST">
  <testcase classname="mpack.FirstTest" name="mOne" time="5.317"/>
  <testcase classname="mpack.SecondTest" name="test1" time="1.151"/>
  <testcase classname="mpack.SecondTest" name="test2" time="0.518"/>
  <testcase classname="mpack.SecondTest" name="test3" time="1.336"/>
</testsuite> <!-- Command line test -->
