<?xml version="1.0" encoding="UTF-8"?>
<testng-results ignored="0" total="4" passed="4" failed="0" skipped="0">
  <reporter-output>
  </reporter-output>
  <suite started-at="2023-09-06T19:27:24 CEST" name="Command line suite" finished-at="2023-09-06T19:27:34 CEST" duration-ms="9808">
    <groups>
    </groups>
    <test started-at="2023-09-06T19:27:24 CEST" name="Command line test" finished-at="2023-09-06T19:27:34 CEST" duration-ms="9808">
      <class name="mpack.SecondTest">
        <test-method is-config="true" signature="setUp()[pri:0, instance:mpack.SecondTest@4ef37659]" started-at="2023-09-06T19:27:30 CEST" name="setUp" finished-at="2023-09-06T19:27:31 CEST" duration-ms="1123" status="PASS">
          <reporter-output>
          </reporter-output>
        </test-method> <!-- setUp -->
        <test-method signature="test1()[pri:0, instance:mpack.SecondTest@4ef37659]" started-at="2023-09-06T19:27:31 CEST" name="test1" finished-at="2023-09-06T19:27:32 CEST" duration-ms="1151" status="PASS">
          <reporter-output>
          </reporter-output>
        </test-method> <!-- test1 -->
        <test-method signature="test2()[pri:0, instance:mpack.SecondTest@4ef37659]" started-at="2023-09-06T19:27:32 CEST" name="test2" finished-at="2023-09-06T19:27:33 CEST" depends-on-methods="mpack.SecondTest.test1" duration-ms="518" status="PASS">
          <reporter-output>
          </reporter-output>
        </test-method> <!-- test2 -->
        <test-method signature="test3()[pri:0, instance:mpack.SecondTest@4ef37659]" started-at="2023-09-06T19:27:33 CEST" name="test3" finished-at="2023-09-06T19:27:34 CEST" depends-on-methods="mpack.SecondTest.test2" duration-ms="1336" status="PASS">
          <reporter-output>
          </reporter-output>
        </test-method> <!-- test3 -->
        <test-method is-config="true" signature="tearDown()[pri:0, instance:mpack.SecondTest@4ef37659]" started-at="2023-09-06T19:27:34 CEST" name="tearDown" finished-at="2023-09-06T19:27:34 CEST" duration-ms="269" status="PASS">
          <reporter-output>
          </reporter-output>
        </test-method> <!-- tearDown -->
      </class> <!-- mpack.SecondTest -->
      <class name="mpack.FirstTest">
        <test-method signature="mOne()[pri:0, instance:mpack.FirstTest@1dac5ef]" started-at="2023-09-06T19:27:25 CEST" name="mOne" finished-at="2023-09-06T19:27:30 CEST" duration-ms="5317" status="PASS">
          <reporter-output>
          </reporter-output>
        </test-method> <!-- mOne -->
      </class> <!-- mpack.FirstTest -->
    </test> <!-- Command line test -->
  </suite> <!-- Command line suite -->
</testng-results>
