<?xml version="1.0" encoding="UTF-8"?>
<testng-results ignored="0" total="4" passed="4" failed="0" skipped="0">
  <reporter-output>
  </reporter-output>
  <suite started-at="2023-09-06T19:53:45 CEST" name="Surefire suite" finished-at="2023-09-06T19:53:54 CEST" duration-ms="8682">
    <groups>
    </groups>
    <test started-at="2023-09-06T19:53:45 CEST" name="Surefire test" finished-at="2023-09-06T19:53:54 CEST" duration-ms="8682">
      <class name="mpack.SecondTest">
        <test-method is-config="true" signature="setUp()[pri:0, instance:mpack.SecondTest@2dde1bff]" started-at="2023-09-06T19:53:50 CEST" name="setUp" finished-at="2023-09-06T19:53:51 CEST" duration-ms="1059" status="PASS">
          <reporter-output>
          </reporter-output>
        </test-method> <!-- setUp -->
        <test-method signature="test1()[pri:0, instance:mpack.SecondTest@2dde1bff]" started-at="2023-09-06T19:53:51 CEST" name="test1" finished-at="2023-09-06T19:53:52 CEST" duration-ms="1024" status="PASS">
          <reporter-output>
          </reporter-output>
        </test-method> <!-- test1 -->
        <test-method signature="test2()[pri:0, instance:mpack.SecondTest@2dde1bff]" started-at="2023-09-06T19:53:52 CEST" name="test2" finished-at="2023-09-06T19:53:52 CEST" depends-on-methods="mpack.SecondTest.test1" duration-ms="611" status="PASS">
          <reporter-output>
          </reporter-output>
        </test-method> <!-- test2 -->
        <test-method signature="test3()[pri:0, instance:mpack.SecondTest@2dde1bff]" started-at="2023-09-06T19:53:52 CEST" name="test3" finished-at="2023-09-06T19:53:54 CEST" depends-on-methods="mpack.SecondTest.test2" duration-ms="1247" status="PASS">
          <reporter-output>
          </reporter-output>
        </test-method> <!-- test3 -->
        <test-method is-config="true" signature="tearDown()[pri:0, instance:mpack.SecondTest@2dde1bff]" started-at="2023-09-06T19:53:54 CEST" name="tearDown" finished-at="2023-09-06T19:53:54 CEST" duration-ms="194" status="PASS">
          <reporter-output>
          </reporter-output>
        </test-method> <!-- tearDown -->
      </class> <!-- mpack.SecondTest -->
      <class name="mpack.FirstTest">
        <test-method signature="mOne()[pri:0, instance:mpack.FirstTest@61d6015a]" started-at="2023-09-06T19:53:45 CEST" name="mOne" finished-at="2023-09-06T19:53:50 CEST" duration-ms="4445" status="PASS">
          <reporter-output>
          </reporter-output>
        </test-method> <!-- mOne -->
      </class> <!-- mpack.FirstTest -->
    </test> <!-- Surefire test -->
  </suite> <!-- Surefire suite -->
</testng-results>
